# JRE version: OpenJDK Runtime Environment (17.0.9) (build 17.0.9+0--11185874)
# Java VM: OpenJDK 64-Bit Server VM (17.0.9+0--11185874, mixed mode, tiered, compressed oops, compressed class ptrs, g1 gc, windows-amd64)
GC Precious Log:
 CPUs: 8 total, 8 available
 Memory: 15805M
 Large Page Support: Disabled
 NUMA Support: Disabled
 Compressed Oops: Enabled (32-bit)
 Heap Region Size: 1M
 Heap Min Capacity: 8M
 Heap Initial Capacity: 248M
 Heap Max Capacity: 2G
 Pre-touch: Disabled
 Parallel Workers: 8
 Concurrent Workers: 2
 Concurrent Refinement Workers: 8
 Periodic GC: Disabled
Heap:
 garbage-first heap   total 212992K, used 161177K [0x0000000080000000, 0x0000000100000000)
  region size 1024K, 72 young (73728K), 5 survivors (5120K)
 Metaspace       used 97906K, committed 98816K, reserved 1179648K
  class space    used 13459K, committed 13888K, reserved 1048576K
GC Heap History (20 events):
Event: 14.410 GC heap before
{Heap before GC invocations=48 (full 0):
 garbage-first heap   total 119808K, used 96533K [0x0000000080000000, 0x0000000100000000)
  region size 1024K, 33 young (33792K), 2 survivors (2048K)
 Metaspace       used 81344K, committed 81984K, reserved 1179648K
  class space    used 11282K, committed 11584K, reserved 1048576K
}
Event: 14.413 GC heap after
{Heap after GC invocations=49 (full 0):
 garbage-first heap   total 119808K, used 65685K [0x0000000080000000, 0x0000000100000000)
  region size 1024K, 3 young (3072K), 3 survivors (3072K)
 Metaspace       used 81344K, committed 81984K, reserved 1179648K
  class space    used 11282K, committed 11584K, reserved 1048576K
}
Event: 14.454 GC heap before
{Heap before GC invocations=49 (full 0):
 garbage-first heap   total 119808K, used 67733K [0x0000000080000000, 0x0000000100000000)
  region size 1024K, 5 young (5120K), 3 survivors (3072K)
 Metaspace       used 81495K, committed 82112K, reserved 1179648K
  class space    used 11301K, committed 11584K, reserved 1048576K
}
Event: 14.458 GC heap after
{Heap after GC invocations=50 (full 0):
 garbage-first heap   total 119808K, used 65474K [0x0000000080000000, 0x0000000100000000)
  region size 1024K, 1 young (1024K), 1 survivors (1024K)
 Metaspace       used 81495K, committed 82112K, reserved 1179648K
  class space    used 11301K, committed 11584K, reserved 1048576K
}
Event: 15.181 GC heap before
{Heap before GC invocations=50 (full 0):
 garbage-first heap   total 119808K, used 98242K [0x0000000080000000, 0x0000000100000000)
  region size 1024K, 33 young (33792K), 1 survivors (1024K)
 Metaspace       used 84276K, committed 84928K, reserved 1179648K
  class space    used 11721K, committed 12032K, reserved 1048576K
}
Event: 15.185 GC heap after
{Heap after GC invocations=51 (full 0):
 garbage-first heap   total 212992K, used 67074K [0x0000000080000000, 0x0000000100000000)
  region size 1024K, 2 young (2048K), 2 survivors (2048K)
 Metaspace       used 84276K, committed 84928K, reserved 1179648K
  class space    used 11721K, committed 12032K, reserved 1048576K
}
Event: 17.212 GC heap before
{Heap before GC invocations=51 (full 0):
 garbage-first heap   total 212992K, used 170498K [0x0000000080000000, 0x0000000100000000)
  region size 1024K, 103 young (105472K), 2 survivors (2048K)
 Metaspace       used 92033K, committed 92736K, reserved 1179648K
  class space    used 12891K, committed 13184K, reserved 1048576K
}
Event: 17.221 GC heap after
{Heap after GC invocations=52 (full 0):
 garbage-first heap   total 212992K, used 73800K [0x0000000080000000, 0x0000000100000000)
  region size 1024K, 9 young (9216K), 9 survivors (9216K)
 Metaspace       used 92033K, committed 92736K, reserved 1179648K
  class space    used 12891K, committed 13184K, reserved 1048576K
}
Event: 18.450 GC heap before
{Heap before GC invocations=52 (full 0):
 garbage-first heap   total 212992K, used 170056K [0x0000000080000000, 0x0000000100000000)
  region size 1024K, 104 young (106496K), 9 survivors (9216K)
 Metaspace       used 93222K, committed 93952K, reserved 1179648K
  class space    used 13044K, committed 13376K, reserved 1048576K
}
Event: 18.463 GC heap after
{Heap after GC invocations=53 (full 0):
 garbage-first heap   total 212992K, used 82216K [0x0000000080000000, 0x0000000100000000)
  region size 1024K, 13 young (13312K), 13 survivors (13312K)
 Metaspace       used 93222K, committed 93952K, reserved 1179648K
  class space    used 13044K, committed 13376K, reserved 1048576K
}
Event: 19.247 GC heap before
{Heap before GC invocations=53 (full 0):
 garbage-first heap   total 212992K, used 170280K [0x0000000080000000, 0x0000000100000000)
  region size 1024K, 100 young (102400K), 13 survivors (13312K)
 Metaspace       used 93696K, committed 94464K, reserved 1179648K
  class space    used 13085K, committed 13440K, reserved 1048576K
}
Event: 19.259 GC heap after
{Heap after GC invocations=54 (full 0):
 garbage-first heap   total 212992K, used 88626K [0x0000000080000000, 0x0000000100000000)
  region size 1024K, 8 young (8192K), 8 survivors (8192K)
 Metaspace       used 93696K, committed 94464K, reserved 1179648K
  class space    used 13085K, committed 13440K, reserved 1048576K
}
Event: 133.611 GC heap before
{Heap before GC invocations=54 (full 0):
 garbage-first heap   total 212992K, used 172594K [0x0000000080000000, 0x0000000100000000)
  region size 1024K, 91 young (93184K), 8 survivors (8192K)
 Metaspace       used 96167K, committed 96896K, reserved 1179648K
  class space    used 13363K, committed 13696K, reserved 1048576K
}
Event: 133.621 GC heap after
{Heap after GC invocations=55 (full 0):
 garbage-first heap   total 212992K, used 94439K [0x0000000080000000, 0x0000000100000000)
  region size 1024K, 7 young (7168K), 7 survivors (7168K)
 Metaspace       used 96167K, committed 96896K, reserved 1179648K
  class space    used 13363K, committed 13696K, reserved 1048576K
}
Event: 141.274 GC heap before
{Heap before GC invocations=55 (full 0):
 garbage-first heap   total 212992K, used 173287K [0x0000000080000000, 0x0000000100000000)
  region size 1024K, 84 young (86016K), 7 survivors (7168K)
 Metaspace       used 96736K, committed 97472K, reserved 1179648K
  class space    used 13392K, committed 13760K, reserved 1048576K
}
Event: 141.281 GC heap after
{Heap after GC invocations=56 (full 0):
 garbage-first heap   total 212992K, used 95214K [0x0000000080000000, 0x0000000100000000)
  region size 1024K, 5 young (5120K), 5 survivors (5120K)
 Metaspace       used 96736K, committed 97472K, reserved 1179648K
  class space    used 13392K, committed 13760K, reserved 1048576K
}
Event: 363.617 GC heap before
{Heap before GC invocations=56 (full 0):
 garbage-first heap   total 212992K, used 175086K [0x0000000080000000, 0x0000000100000000)
  region size 1024K, 83 young (84992K), 5 survivors (5120K)
 Metaspace       used 97222K, committed 98048K, reserved 1179648K
  class space    used 13414K, committed 13824K, reserved 1048576K
}
Event: 363.625 GC heap after
{Heap after GC invocations=57 (full 0):
 garbage-first heap   total 212992K, used 94677K [0x0000000080000000, 0x0000000100000000)
  region size 1024K, 5 young (5120K), 5 survivors (5120K)
 Metaspace       used 97222K, committed 98048K, reserved 1179648K
  class space    used 13414K, committed 13824K, reserved 1048576K
}
Event: 381.549 GC heap before
{Heap before GC invocations=57 (full 0):
 garbage-first heap   total 212992K, used 175573K [0x0000000080000000, 0x0000000100000000)
  region size 1024K, 84 young (86016K), 5 survivors (5120K)
 Metaspace       used 97629K, committed 98560K, reserved 1179648K
  class space    used 13453K, committed 13888K, reserved 1048576K
}
Event: 381.554 GC heap after
{Heap after GC invocations=58 (full 0):
 garbage-first heap   total 212992K, used 94617K [0x0000000080000000, 0x0000000100000000)
  region size 1024K, 5 young (5120K), 5 survivors (5120K)
 Metaspace       used 97629K, committed 98560K, reserved 1179648K
  class space    used 13453K, committed 13888K, reserved 1048576K
}

