# JRE version: OpenJDK Runtime Environment (17.0.9) (build 17.0.9+0--11185874)
# Java VM: OpenJDK 64-Bit Server VM (17.0.9+0--11185874, mixed mode, tiered, compressed oops, compressed class ptrs, g1 gc, windows-amd64)
GC Precious Log:
 CPUs: 8 total, 8 available
 Memory: 15805M
 Large Page Support: Disabled
 NUMA Support: Disabled
 Compressed Oops: Enabled (32-bit)
 Heap Region Size: 1M
 Heap Min Capacity: 8M
 Heap Initial Capacity: 248M
 Heap Max Capacity: 2G
 Pre-touch: Disabled
 Parallel Workers: 8
 Concurrent Workers: 2
 Concurrent Refinement Workers: 8
 Periodic GC: Disabled
Heap:
 garbage-first heap   total 233472K, used 112144K [0x0000000080000000, 0x0000000100000000)
  region size 1024K, 2 young (2048K), 2 survivors (2048K)
 Metaspace       used 152125K, committed 152896K, reserved 1245184K
  class space    used 20041K, committed 20416K, reserved 1048576K
GC Heap History (20 events):
Event: 24.710 GC heap after
{Heap after GC invocations=45 (full 0):
 garbage-first heap   total 233472K, used 111417K [0x0000000080000000, 0x0000000100000000)
  region size 1024K, 9 young (9216K), 9 survivors (9216K)
 Metaspace       used 128706K, committed 129408K, reserved 1179648K
  class space    used 16901K, committed 17216K, reserved 1048576K
}
Event: 24.758 GC heap before
{Heap before GC invocations=45 (full 0):
 garbage-first heap   total 233472K, used 113465K [0x0000000080000000, 0x0000000100000000)
  region size 1024K, 11 young (11264K), 9 survivors (9216K)
 Metaspace       used 128869K, committed 129600K, reserved 1179648K
  class space    used 16922K, committed 17280K, reserved 1048576K
}
Event: 24.767 GC heap after
{Heap after GC invocations=46 (full 0):
 garbage-first heap   total 233472K, used 110991K [0x0000000080000000, 0x0000000100000000)
  region size 1024K, 1 young (1024K), 1 survivors (1024K)
 Metaspace       used 128869K, committed 129600K, reserved 1179648K
  class space    used 16922K, committed 17280K, reserved 1048576K
}
Event: 25.489 GC heap before
{Heap before GC invocations=46 (full 0):
 garbage-first heap   total 233472K, used 188815K [0x0000000080000000, 0x0000000100000000)
  region size 1024K, 76 young (77824K), 1 survivors (1024K)
 Metaspace       used 129462K, committed 130176K, reserved 1179648K
  class space    used 16950K, committed 17280K, reserved 1048576K
}
Event: 25.497 GC heap after
{Heap after GC invocations=47 (full 0):
 garbage-first heap   total 233472K, used 119117K [0x0000000080000000, 0x0000000100000000)
  region size 1024K, 9 young (9216K), 9 survivors (9216K)
 Metaspace       used 129462K, committed 130176K, reserved 1179648K
  class space    used 16950K, committed 17280K, reserved 1048576K
}
Event: 27.100 GC heap before
{Heap before GC invocations=48 (full 0):
 garbage-first heap   total 233472K, used 187725K [0x0000000080000000, 0x0000000100000000)
  region size 1024K, 77 young (78848K), 9 survivors (9216K)
 Metaspace       used 132163K, committed 132928K, reserved 1179648K
  class space    used 17177K, committed 17536K, reserved 1048576K
}
Event: 27.104 GC heap after
{Heap after GC invocations=49 (full 0):
 garbage-first heap   total 233472K, used 113153K [0x0000000080000000, 0x0000000100000000)
  region size 1024K, 2 young (2048K), 2 survivors (2048K)
 Metaspace       used 132163K, committed 132928K, reserved 1179648K
  class space    used 17177K, committed 17536K, reserved 1048576K
}
Event: 27.245 GC heap before
{Heap before GC invocations=49 (full 0):
 garbage-first heap   total 233472K, used 122369K [0x0000000080000000, 0x0000000100000000)
  region size 1024K, 11 young (11264K), 2 survivors (2048K)
 Metaspace       used 132852K, committed 133568K, reserved 1179648K
  class space    used 17275K, committed 17600K, reserved 1048576K
}
Event: 27.248 GC heap after
{Heap after GC invocations=50 (full 0):
 garbage-first heap   total 233472K, used 108753K [0x0000000080000000, 0x0000000100000000)
  region size 1024K, 1 young (1024K), 1 survivors (1024K)
 Metaspace       used 132852K, committed 133568K, reserved 1179648K
  class space    used 17275K, committed 17600K, reserved 1048576K
}
Event: 28.774 GC heap before
{Heap before GC invocations=50 (full 0):
 garbage-first heap   total 233472K, used 188625K [0x0000000080000000, 0x0000000100000000)
  region size 1024K, 79 young (80896K), 1 survivors (1024K)
 Metaspace       used 138306K, committed 139072K, reserved 1179648K
  class space    used 18223K, committed 18560K, reserved 1048576K
}
Event: 28.777 GC heap after
{Heap after GC invocations=51 (full 0):
 garbage-first heap   total 233472K, used 111188K [0x0000000080000000, 0x0000000100000000)
  region size 1024K, 4 young (4096K), 4 survivors (4096K)
 Metaspace       used 138306K, committed 139072K, reserved 1179648K
  class space    used 18223K, committed 18560K, reserved 1048576K
}
Event: 30.476 GC heap before
{Heap before GC invocations=51 (full 0):
 garbage-first heap   total 233472K, used 191060K [0x0000000080000000, 0x0000000100000000)
  region size 1024K, 82 young (83968K), 4 survivors (4096K)
 Metaspace       used 144368K, committed 145152K, reserved 1179648K
  class space    used 19176K, committed 19520K, reserved 1048576K
}
Event: 30.484 GC heap after
{Heap after GC invocations=52 (full 0):
 garbage-first heap   total 233472K, used 107511K [0x0000000080000000, 0x0000000100000000)
  region size 1024K, 7 young (7168K), 7 survivors (7168K)
 Metaspace       used 144368K, committed 145152K, reserved 1179648K
  class space    used 19176K, committed 19520K, reserved 1048576K
}
Event: 32.295 GC heap before
{Heap before GC invocations=52 (full 0):
 garbage-first heap   total 233472K, used 191479K [0x0000000080000000, 0x0000000100000000)
  region size 1024K, 90 young (92160K), 7 survivors (7168K)
 Metaspace       used 151571K, committed 152384K, reserved 1245184K
  class space    used 19994K, committed 20352K, reserved 1048576K
}
Event: 32.307 GC heap after
{Heap after GC invocations=53 (full 0):
 garbage-first heap   total 233472K, used 113441K [0x0000000080000000, 0x0000000100000000)
  region size 1024K, 12 young (12288K), 12 survivors (12288K)
 Metaspace       used 151571K, committed 152384K, reserved 1245184K
  class space    used 19994K, committed 20352K, reserved 1048576K
}
Event: 32.813 GC heap before
{Heap before GC invocations=54 (full 0):
 garbage-first heap   total 233472K, used 192289K [0x0000000080000000, 0x0000000100000000)
  region size 1024K, 90 young (92160K), 12 survivors (12288K)
 Metaspace       used 151750K, committed 152512K, reserved 1245184K
  class space    used 20009K, committed 20352K, reserved 1048576K
}
Event: 32.822 GC heap after
{Heap after GC invocations=55 (full 0):
 garbage-first heap   total 233472K, used 115373K [0x0000000080000000, 0x0000000100000000)
  region size 1024K, 8 young (8192K), 8 survivors (8192K)
 Metaspace       used 151750K, committed 152512K, reserved 1245184K
  class space    used 20009K, committed 20352K, reserved 1048576K
}
Event: 32.831 GC heap before
{Heap before GC invocations=55 (full 0):
 garbage-first heap   total 233472K, used 117421K [0x0000000080000000, 0x0000000100000000)
  region size 1024K, 11 young (11264K), 8 survivors (8192K)
 Metaspace       used 151750K, committed 152512K, reserved 1245184K
  class space    used 20009K, committed 20352K, reserved 1048576K
}
Event: 32.838 GC heap after
{Heap after GC invocations=56 (full 0):
 garbage-first heap   total 233472K, used 112603K [0x0000000080000000, 0x0000000100000000)
  region size 1024K, 2 young (2048K), 2 survivors (2048K)
 Metaspace       used 151750K, committed 152512K, reserved 1245184K
  class space    used 20009K, committed 20352K, reserved 1048576K
}
Event: 35.205 GC heap before
{Heap before GC invocations=56 (full 0):
 garbage-first heap   total 233472K, used 191451K [0x0000000080000000, 0x0000000100000000)
  region size 1024K, 80 young (81920K), 2 survivors (2048K)
 Metaspace       used 152125K, committed 152896K, reserved 1245184K
  class space    used 20041K, committed 20416K, reserved 1048576K
}

