# JRE version: OpenJDK Runtime Environment (17.0.9) (build 17.0.9+0--11185874)
# Java VM: OpenJDK 64-Bit Server VM (17.0.9+0--11185874, mixed mode, tiered, compressed oops, compressed class ptrs, g1 gc, windows-amd64)
GC Precious Log:
 CPUs: 8 total, 8 available
 Memory: 15805M
 Large Page Support: Disabled
 NUMA Support: Disabled
 Compressed Oops: Enabled (32-bit)
 Heap Region Size: 1M
 Heap Min Capacity: 8M
 Heap Initial Capacity: 248M
 Heap Max Capacity: 2G
 Pre-touch: Disabled
 Parallel Workers: 8
 Concurrent Workers: 2
 Concurrent Refinement Workers: 8
 Periodic GC: Disabled
Heap:
 garbage-first heap   total 302080K, used 209479K [0x0000000080000000, 0x0000000100000000)
  region size 1024K, 70 young (71680K), 12 survivors (12288K)
 Metaspace       used 172219K, committed 173568K, reserved 1245184K
  class space    used 24461K, committed 25088K, reserved 1048576K
GC Heap History (20 events):
Event: 454.650 GC heap before
{Heap before GC invocations=79 (full 0):
 garbage-first heap   total 269312K, used 222927K [0x0000000080000000, 0x0000000100000000)
  region size 1024K, 107 young (109568K), 10 survivors (10240K)
 Metaspace       used 141342K, committed 142336K, reserved 1179648K
  class space    used 19821K, committed 20288K, reserved 1048576K
}
Event: 454.665 GC heap after
{Heap after GC invocations=80 (full 0):
 garbage-first heap   total 269312K, used 130643K [0x0000000080000000, 0x0000000100000000)
  region size 1024K, 10 young (10240K), 10 survivors (10240K)
 Metaspace       used 141342K, committed 142336K, reserved 1179648K
  class space    used 19821K, committed 20288K, reserved 1048576K
}
Event: 1161.573 GC heap before
{Heap before GC invocations=80 (full 0):
 garbage-first heap   total 269312K, used 223827K [0x0000000080000000, 0x0000000100000000)
  region size 1024K, 102 young (104448K), 10 survivors (10240K)
 Metaspace       used 141670K, committed 142656K, reserved 1179648K
  class space    used 19839K, committed 20352K, reserved 1048576K
}
Event: 1161.580 GC heap after
{Heap after GC invocations=81 (full 0):
 garbage-first heap   total 269312K, used 131018K [0x0000000080000000, 0x0000000100000000)
  region size 1024K, 7 young (7168K), 7 survivors (7168K)
 Metaspace       used 141670K, committed 142656K, reserved 1179648K
  class space    used 19839K, committed 20352K, reserved 1048576K
}
Event: 1198.428 GC heap before
{Heap before GC invocations=81 (full 0):
 garbage-first heap   total 269312K, used 231370K [0x0000000080000000, 0x0000000100000000)
  region size 1024K, 101 young (103424K), 7 survivors (7168K)
 Metaspace       used 143583K, committed 144576K, reserved 1179648K
  class space    used 20021K, committed 20480K, reserved 1048576K
}
Event: 1198.444 GC heap after
{Heap after GC invocations=82 (full 0):
 garbage-first heap   total 269312K, used 141787K [0x0000000080000000, 0x0000000100000000)
  region size 1024K, 13 young (13312K), 13 survivors (13312K)
 Metaspace       used 143583K, committed 144576K, reserved 1179648K
  class space    used 20021K, committed 20480K, reserved 1048576K
}
Event: 1200.050 GC heap before
{Heap before GC invocations=82 (full 0):
 garbage-first heap   total 269312K, used 223707K [0x0000000080000000, 0x0000000100000000)
  region size 1024K, 92 young (94208K), 13 survivors (13312K)
 Metaspace       used 152236K, committed 153216K, reserved 1245184K
  class space    used 21138K, committed 21632K, reserved 1048576K
}
Event: 1200.060 GC heap after
{Heap after GC invocations=83 (full 0):
 garbage-first heap   total 269312K, used 147223K [0x0000000080000000, 0x0000000100000000)
  region size 1024K, 4 young (4096K), 4 survivors (4096K)
 Metaspace       used 152236K, committed 153216K, reserved 1245184K
  class space    used 21138K, committed 21632K, reserved 1048576K
}
Event: 1201.557 GC heap before
{Heap before GC invocations=83 (full 0):
 garbage-first heap   total 269312K, used 224023K [0x0000000080000000, 0x0000000100000000)
  region size 1024K, 80 young (81920K), 4 survivors (4096K)
 Metaspace       used 160548K, committed 161600K, reserved 1245184K
  class space    used 22391K, committed 22912K, reserved 1048576K
}
Event: 1201.563 GC heap after
{Heap after GC invocations=84 (full 0):
 garbage-first heap   total 269312K, used 146766K [0x0000000080000000, 0x0000000100000000)
  region size 1024K, 5 young (5120K), 5 survivors (5120K)
 Metaspace       used 160548K, committed 161600K, reserved 1245184K
  class space    used 22391K, committed 22912K, reserved 1048576K
}
Event: 1202.731 GC heap before
{Heap before GC invocations=84 (full 0):
 garbage-first heap   total 269312K, used 224590K [0x0000000080000000, 0x0000000100000000)
  region size 1024K, 82 young (83968K), 5 survivors (5120K)
 Metaspace       used 169399K, committed 170560K, reserved 1245184K
  class space    used 24099K, committed 24640K, reserved 1048576K
}
Event: 1202.737 GC heap after
{Heap after GC invocations=85 (full 0):
 garbage-first heap   total 269312K, used 148487K [0x0000000080000000, 0x0000000100000000)
  region size 1024K, 7 young (7168K), 7 survivors (7168K)
 Metaspace       used 169399K, committed 170560K, reserved 1245184K
  class space    used 24099K, committed 24640K, reserved 1048576K
}
Event: 1203.236 GC heap before
{Heap before GC invocations=85 (full 0):
 garbage-first heap   total 269312K, used 194567K [0x0000000080000000, 0x0000000100000000)
  region size 1024K, 30 young (30720K), 7 survivors (7168K)
 Metaspace       used 171304K, committed 172416K, reserved 1245184K
  class space    used 24354K, committed 24896K, reserved 1048576K
}
Event: 1203.243 GC heap after
{Heap after GC invocations=86 (full 0):
 garbage-first heap   total 269312K, used 175345K [0x0000000080000000, 0x0000000100000000)
  region size 1024K, 8 young (8192K), 8 survivors (8192K)
 Metaspace       used 171304K, committed 172416K, reserved 1245184K
  class space    used 24354K, committed 24896K, reserved 1048576K
}
Event: 1239.003 GC heap before
{Heap before GC invocations=87 (full 0):
 garbage-first heap   total 302080K, used 225521K [0x0000000080000000, 0x0000000100000000)
  region size 1024K, 56 young (57344K), 8 survivors (8192K)
 Metaspace       used 171529K, committed 172672K, reserved 1245184K
  class space    used 24382K, committed 24960K, reserved 1048576K
}
Event: 1239.011 GC heap after
{Heap after GC invocations=88 (full 0):
 garbage-first heap   total 302080K, used 152560K [0x0000000080000000, 0x0000000100000000)
  region size 1024K, 6 young (6144K), 6 survivors (6144K)
 Metaspace       used 171529K, committed 172672K, reserved 1245184K
  class space    used 24382K, committed 24960K, reserved 1048576K
}
Event: 1239.175 GC heap before
{Heap before GC invocations=88 (full 0):
 garbage-first heap   total 302080K, used 160752K [0x0000000080000000, 0x0000000100000000)
  region size 1024K, 14 young (14336K), 6 survivors (6144K)
 Metaspace       used 171585K, committed 172800K, reserved 1245184K
  class space    used 24384K, committed 24960K, reserved 1048576K
}
Event: 1239.188 GC heap after
{Heap after GC invocations=89 (full 0):
 garbage-first heap   total 302080K, used 142862K [0x0000000080000000, 0x0000000100000000)
  region size 1024K, 2 young (2048K), 2 survivors (2048K)
 Metaspace       used 171585K, committed 172800K, reserved 1245184K
  class space    used 24384K, committed 24960K, reserved 1048576K
}
Event: 1245.938 GC heap before
{Heap before GC invocations=89 (full 0):
 garbage-first heap   total 302080K, used 245262K [0x0000000080000000, 0x0000000100000000)
  region size 1024K, 103 young (105472K), 2 survivors (2048K)
 Metaspace       used 172032K, committed 173312K, reserved 1245184K
  class space    used 24444K, committed 25024K, reserved 1048576K
}
Event: 1245.949 GC heap after
{Heap after GC invocations=90 (full 0):
 garbage-first heap   total 302080K, used 152135K [0x0000000080000000, 0x0000000100000000)
  region size 1024K, 12 young (12288K), 12 survivors (12288K)
 Metaspace       used 172032K, committed 173312K, reserved 1245184K
  class space    used 24444K, committed 25024K, reserved 1048576K
}

