# JRE version: OpenJDK Runtime Environment (17.0.9) (build 17.0.9+0--11185874)
# Java VM: OpenJDK 64-Bit Server VM (17.0.9+0--11185874, mixed mode, tiered, compressed oops, compressed class ptrs, g1 gc, windows-amd64)
GC Precious Log:
 CPUs: 8 total, 8 available
 Memory: 15805M
 Large Page Support: Disabled
 NUMA Support: Disabled
 Compressed Oops: Enabled (32-bit)
 Heap Region Size: 1M
 Heap Min Capacity: 8M
 Heap Initial Capacity: 248M
 Heap Max Capacity: 2G
 Pre-touch: Disabled
 Parallel Workers: 8
 Concurrent Workers: 2
 Concurrent Refinement Workers: 8
 Periodic GC: Disabled
Heap:
 garbage-first heap   total 465920K, used 350686K [0x0000000080000000, 0x0000000100000000)
  region size 1024K, 3 young (3072K), 3 survivors (3072K)
 Metaspace       used 215627K, committed 216896K, reserved 1245184K
  class space    used 27984K, committed 28608K, reserved 1048576K
GC Heap History (20 events):
Event: 337.668 GC heap after
{Heap after GC invocations=77 (full 0):
 garbage-first heap   total 465920K, used 278016K [0x0000000080000000, 0x0000000100000000)
  region size 1024K, 7 young (7168K), 7 survivors (7168K)
 Metaspace       used 200635K, committed 201856K, reserved 1245184K
  class space    used 25754K, committed 26368K, reserved 1048576K
}
Event: 339.296 GC heap before
{Heap before GC invocations=77 (full 0):
 garbage-first heap   total 465920K, used 389632K [0x0000000080000000, 0x0000000100000000)
  region size 1024K, 115 young (117760K), 7 survivors (7168K)
 Metaspace       used 203368K, committed 204608K, reserved 1245184K
  class space    used 26070K, committed 26688K, reserved 1048576K
}
Event: 339.304 GC heap after
{Heap after GC invocations=78 (full 0):
 garbage-first heap   total 465920K, used 281004K [0x0000000080000000, 0x0000000100000000)
  region size 1024K, 10 young (10240K), 10 survivors (10240K)
 Metaspace       used 203368K, committed 204608K, reserved 1245184K
  class space    used 26070K, committed 26688K, reserved 1048576K
}
Event: 339.932 GC heap before
{Heap before GC invocations=78 (full 0):
 garbage-first heap   total 465920K, used 390571K [0x0000000080000000, 0x0000000100000000)
  region size 1024K, 118 young (120832K), 10 survivors (10240K)
 Metaspace       used 204390K, committed 205696K, reserved 1245184K
  class space    used 26202K, committed 26816K, reserved 1048576K
}
Event: 339.941 GC heap after
{Heap after GC invocations=79 (full 0):
 garbage-first heap   total 465920K, used 283740K [0x0000000080000000, 0x0000000100000000)
  region size 1024K, 8 young (8192K), 8 survivors (8192K)
 Metaspace       used 204390K, committed 205696K, reserved 1245184K
  class space    used 26202K, committed 26816K, reserved 1048576K
}
Event: 340.427 GC heap before
{Heap before GC invocations=79 (full 0):
 garbage-first heap   total 465920K, used 394332K [0x0000000080000000, 0x0000000100000000)
  region size 1024K, 117 young (119808K), 8 survivors (8192K)
 Metaspace       used 204753K, committed 206016K, reserved 1245184K
  class space    used 26239K, committed 26880K, reserved 1048576K
}
Event: 340.435 GC heap after
{Heap after GC invocations=80 (full 0):
 garbage-first heap   total 465920K, used 287941K [0x0000000080000000, 0x0000000100000000)
  region size 1024K, 12 young (12288K), 12 survivors (12288K)
 Metaspace       used 204753K, committed 206016K, reserved 1245184K
  class space    used 26239K, committed 26880K, reserved 1048576K
}
Event: 340.957 GC heap before
{Heap before GC invocations=80 (full 0):
 garbage-first heap   total 465920K, used 396485K [0x0000000080000000, 0x0000000100000000)
  region size 1024K, 119 young (121856K), 12 survivors (12288K)
 Metaspace       used 205241K, committed 206528K, reserved 1245184K
  class space    used 26310K, committed 26944K, reserved 1048576K
}
Event: 340.968 GC heap after
{Heap after GC invocations=81 (full 0):
 garbage-first heap   total 465920K, used 292300K [0x0000000080000000, 0x0000000100000000)
  region size 1024K, 12 young (12288K), 12 survivors (12288K)
 Metaspace       used 205241K, committed 206528K, reserved 1245184K
  class space    used 26310K, committed 26944K, reserved 1048576K
}
Event: 341.738 GC heap before
{Heap before GC invocations=81 (full 0):
 garbage-first heap   total 465920K, used 400844K [0x0000000080000000, 0x0000000100000000)
  region size 1024K, 117 young (119808K), 12 survivors (12288K)
 Metaspace       used 207570K, committed 208832K, reserved 1245184K
  class space    used 26653K, committed 27264K, reserved 1048576K
}
Event: 341.749 GC heap after
{Heap after GC invocations=82 (full 0):
 garbage-first heap   total 465920K, used 297984K [0x0000000080000000, 0x0000000100000000)
  region size 1024K, 15 young (15360K), 15 survivors (15360K)
 Metaspace       used 207570K, committed 208832K, reserved 1245184K
  class space    used 26653K, committed 27264K, reserved 1048576K
}
Event: 342.144 GC heap before
{Heap before GC invocations=82 (full 0):
 garbage-first heap   total 465920K, used 393216K [0x0000000080000000, 0x0000000100000000)
  region size 1024K, 109 young (111616K), 15 survivors (15360K)
 Metaspace       used 209371K, committed 210560K, reserved 1245184K
  class space    used 26926K, committed 27520K, reserved 1048576K
}
Event: 342.164 GC heap after
{Heap after GC invocations=83 (full 0):
 garbage-first heap   total 465920K, used 314574K [0x0000000080000000, 0x0000000100000000)
  region size 1024K, 14 young (14336K), 14 survivors (14336K)
 Metaspace       used 209371K, committed 210560K, reserved 1245184K
  class space    used 26926K, committed 27520K, reserved 1048576K
}
Event: 342.484 GC heap before
{Heap before GC invocations=83 (full 0):
 garbage-first heap   total 465920K, used 390350K [0x0000000080000000, 0x0000000100000000)
  region size 1024K, 89 young (91136K), 14 survivors (14336K)
 Metaspace       used 211230K, committed 212480K, reserved 1245184K
  class space    used 27166K, committed 27776K, reserved 1048576K
}
Event: 342.505 GC heap after
{Heap after GC invocations=84 (full 0):
 garbage-first heap   total 465920K, used 327680K [0x0000000080000000, 0x0000000100000000)
  region size 1024K, 12 young (12288K), 12 survivors (12288K)
 Metaspace       used 211230K, committed 212480K, reserved 1245184K
  class space    used 27166K, committed 27776K, reserved 1048576K
}
Event: 342.604 GC heap before
{Heap before GC invocations=84 (full 0):
 garbage-first heap   total 465920K, used 393216K [0x0000000080000000, 0x0000000100000000)
  region size 1024K, 77 young (78848K), 12 survivors (12288K)
 Metaspace       used 211729K, committed 213056K, reserved 1245184K
  class space    used 27249K, committed 27904K, reserved 1048576K
}
Event: 342.631 GC heap after
{Heap after GC invocations=85 (full 0):
 garbage-first heap   total 465920K, used 338589K [0x0000000080000000, 0x0000000100000000)
  region size 1024K, 10 young (10240K), 10 survivors (10240K)
 Metaspace       used 211729K, committed 213056K, reserved 1245184K
  class space    used 27249K, committed 27904K, reserved 1048576K
}
Event: 342.828 GC heap before
{Heap before GC invocations=85 (full 0):
 garbage-first heap   total 465920K, used 394909K [0x0000000080000000, 0x0000000100000000)
  region size 1024K, 66 young (67584K), 10 survivors (10240K)
 Metaspace       used 212696K, committed 214016K, reserved 1245184K
  class space    used 27435K, committed 28096K, reserved 1048576K
}
Event: 342.843 GC heap after
{Heap after GC invocations=86 (full 0):
 garbage-first heap   total 465920K, used 348540K [0x0000000080000000, 0x0000000100000000)
  region size 1024K, 9 young (9216K), 9 survivors (9216K)
 Metaspace       used 212696K, committed 214016K, reserved 1245184K
  class space    used 27435K, committed 28096K, reserved 1048576K
}
Event: 343.312 GC heap before
{Heap before GC invocations=86 (full 0):
 garbage-first heap   total 465920K, used 397692K [0x0000000080000000, 0x0000000100000000)
  region size 1024K, 58 young (59392K), 9 survivors (9216K)
 Metaspace       used 215627K, committed 216896K, reserved 1245184K
  class space    used 27984K, committed 28608K, reserved 1048576K
}

