# JRE version: OpenJDK Runtime Environment (17.0.9) (build 17.0.9+0--11185874)
# Java VM: OpenJDK 64-Bit Server VM (17.0.9+0--11185874, mixed mode, tiered, compressed oops, compressed class ptrs, g1 gc, windows-amd64)
GC Precious Log:
 CPUs: 8 total, 8 available
 Memory: 15805M
 Large Page Support: Disabled
 NUMA Support: Disabled
 Compressed Oops: Enabled (32-bit)
 Heap Region Size: 1M
 Heap Min Capacity: 8M
 Heap Initial Capacity: 248M
 Heap Max Capacity: 2G
 Pre-touch: Disabled
 Parallel Workers: 8
 Concurrent Workers: 2
 Concurrent Refinement Workers: 8
 Periodic GC: Disabled
Heap:
 garbage-first heap   total 189440K, used 99431K [0x0000000080000000, 0x0000000100000000)
  region size 1024K, 15 young (15360K), 2 survivors (2048K)
 Metaspace       used 99867K, committed 100608K, reserved 1179648K
  class space    used 13800K, committed 14144K, reserved 1048576K
GC Heap History (20 events):
Event: 24.794 GC heap before
{Heap before GC invocations=48 (full 0):
 garbage-first heap   total 138240K, used 112929K [0x0000000080000000, 0x0000000100000000)
  region size 1024K, 42 young (43008K), 4 survivors (4096K)
 Metaspace       used 93182K, committed 93952K, reserved 1179648K
  class space    used 13030K, committed 13376K, reserved 1048576K
}
Event: 24.800 GC heap after
{Heap after GC invocations=49 (full 0):
 garbage-first heap   total 138240K, used 78291K [0x0000000080000000, 0x0000000100000000)
  region size 1024K, 4 young (4096K), 4 survivors (4096K)
 Metaspace       used 93182K, committed 93952K, reserved 1179648K
  class space    used 13030K, committed 13376K, reserved 1048576K
}
Event: 25.375 GC heap before
{Heap before GC invocations=49 (full 0):
 garbage-first heap   total 138240K, used 113107K [0x0000000080000000, 0x0000000100000000)
  region size 1024K, 39 young (39936K), 4 survivors (4096K)
 Metaspace       used 93652K, committed 94400K, reserved 1179648K
  class space    used 13066K, committed 13376K, reserved 1048576K
}
Event: 25.382 GC heap after
{Heap after GC invocations=50 (full 0):
 garbage-first heap   total 138240K, used 80908K [0x0000000080000000, 0x0000000100000000)
  region size 1024K, 3 young (3072K), 3 survivors (3072K)
 Metaspace       used 93652K, committed 94400K, reserved 1179648K
  class space    used 13066K, committed 13376K, reserved 1048576K
}
Event: 25.879 GC heap before
{Heap before GC invocations=50 (full 0):
 garbage-first heap   total 138240K, used 113676K [0x0000000080000000, 0x0000000100000000)
  region size 1024K, 36 young (36864K), 3 survivors (3072K)
 Metaspace       used 93767K, committed 94528K, reserved 1179648K
  class space    used 13070K, committed 13440K, reserved 1048576K
}
Event: 25.884 GC heap after
{Heap after GC invocations=51 (full 0):
 garbage-first heap   total 138240K, used 82562K [0x0000000080000000, 0x0000000100000000)
  region size 1024K, 5 young (5120K), 5 survivors (5120K)
 Metaspace       used 93767K, committed 94528K, reserved 1179648K
  class space    used 13070K, committed 13440K, reserved 1048576K
}
Event: 26.715 GC heap before
{Heap before GC invocations=51 (full 0):
 garbage-first heap   total 138240K, used 119426K [0x0000000080000000, 0x0000000100000000)
  region size 1024K, 37 young (37888K), 5 survivors (5120K)
 Metaspace       used 95559K, committed 96256K, reserved 1179648K
  class space    used 13225K, committed 13568K, reserved 1048576K
}
Event: 26.722 GC heap after
{Heap after GC invocations=52 (full 0):
 garbage-first heap   total 138240K, used 85717K [0x0000000080000000, 0x0000000100000000)
  region size 1024K, 5 young (5120K), 5 survivors (5120K)
 Metaspace       used 95559K, committed 96256K, reserved 1179648K
  class space    used 13225K, committed 13568K, reserved 1048576K
}
Event: 27.267 GC heap before
{Heap before GC invocations=52 (full 0):
 garbage-first heap   total 138240K, used 99029K [0x0000000080000000, 0x0000000100000000)
  region size 1024K, 20 young (20480K), 5 survivors (5120K)
 Metaspace       used 97256K, committed 98048K, reserved 1179648K
  class space    used 13453K, committed 13824K, reserved 1048576K
}
Event: 27.273 GC heap after
{Heap after GC invocations=53 (full 0):
 garbage-first heap   total 138240K, used 86944K [0x0000000080000000, 0x0000000100000000)
  region size 1024K, 2 young (2048K), 2 survivors (2048K)
 Metaspace       used 97256K, committed 98048K, reserved 1179648K
  class space    used 13453K, committed 13824K, reserved 1048576K
}
Event: 27.559 GC heap before
{Heap before GC invocations=53 (full 0):
 garbage-first heap   total 138240K, used 100256K [0x0000000080000000, 0x0000000100000000)
  region size 1024K, 7 young (7168K), 2 survivors (2048K)
 Metaspace       used 97650K, committed 98368K, reserved 1179648K
  class space    used 13497K, committed 13824K, reserved 1048576K
}
Event: 27.561 GC heap after
{Heap after GC invocations=54 (full 0):
 garbage-first heap   total 138240K, used 86878K [0x0000000080000000, 0x0000000100000000)
  region size 1024K, 2 young (2048K), 2 survivors (2048K)
 Metaspace       used 97650K, committed 98368K, reserved 1179648K
  class space    used 13497K, committed 13824K, reserved 1048576K
}
Event: 27.564 GC heap before
{Heap before GC invocations=54 (full 0):
 garbage-first heap   total 138240K, used 93022K [0x0000000080000000, 0x0000000100000000)
  region size 1024K, 3 young (3072K), 2 survivors (2048K)
 Metaspace       used 97660K, committed 98368K, reserved 1179648K
  class space    used 13498K, committed 13824K, reserved 1048576K
}
Event: 27.566 GC heap after
{Heap after GC invocations=55 (full 0):
 garbage-first heap   total 138240K, used 92974K [0x0000000080000000, 0x0000000100000000)
  region size 1024K, 2 young (2048K), 2 survivors (2048K)
 Metaspace       used 97660K, committed 98368K, reserved 1179648K
  class space    used 13498K, committed 13824K, reserved 1048576K
}
Event: 27.568 GC heap before
{Heap before GC invocations=55 (full 0):
 garbage-first heap   total 138240K, used 95022K [0x0000000080000000, 0x0000000100000000)
  region size 1024K, 3 young (3072K), 2 survivors (2048K)
 Metaspace       used 97660K, committed 98368K, reserved 1179648K
  class space    used 13498K, committed 13824K, reserved 1048576K
}
Event: 27.570 GC heap after
{Heap after GC invocations=56 (full 0):
 garbage-first heap   total 138240K, used 95055K [0x0000000080000000, 0x0000000100000000)
  region size 1024K, 2 young (2048K), 2 survivors (2048K)
 Metaspace       used 97660K, committed 98368K, reserved 1179648K
  class space    used 13498K, committed 13824K, reserved 1048576K
}
Event: 122.373 GC heap before
{Heap before GC invocations=57 (full 0):
 garbage-first heap   total 189440K, used 128847K [0x0000000080000000, 0x0000000100000000)
  region size 1024K, 21 young (21504K), 2 survivors (2048K)
 Metaspace       used 99754K, committed 100544K, reserved 1179648K
  class space    used 13794K, committed 14144K, reserved 1048576K
}
Event: 122.377 GC heap after
{Heap after GC invocations=58 (full 0):
 garbage-first heap   total 189440K, used 87275K [0x0000000080000000, 0x0000000100000000)
  region size 1024K, 2 young (2048K), 2 survivors (2048K)
 Metaspace       used 99754K, committed 100544K, reserved 1179648K
  class space    used 13794K, committed 14144K, reserved 1048576K
}
Event: 122.458 GC heap before
{Heap before GC invocations=58 (full 0):
 garbage-first heap   total 189440K, used 94443K [0x0000000080000000, 0x0000000100000000)
  region size 1024K, 9 young (9216K), 2 survivors (2048K)
 Metaspace       used 99773K, committed 100544K, reserved 1179648K
  class space    used 13796K, committed 14144K, reserved 1048576K
}
Event: 122.462 GC heap after
{Heap after GC invocations=59 (full 0):
 garbage-first heap   total 189440K, used 87143K [0x0000000080000000, 0x0000000100000000)
  region size 1024K, 2 young (2048K), 2 survivors (2048K)
 Metaspace       used 99773K, committed 100544K, reserved 1179648K
  class space    used 13796K, committed 14144K, reserved 1048576K
}

