# JRE version: OpenJDK Runtime Environment (17.0.9) (build 17.0.9+0--11185874)
# Java VM: OpenJDK 64-Bit Server VM (17.0.9+0--11185874, mixed mode, tiered, compressed oops, compressed class ptrs, g1 gc, windows-amd64)
GC Precious Log:
 CPUs: 8 total, 8 available
 Memory: 15805M
 Large Page Support: Disabled
 NUMA Support: Disabled
 Compressed Oops: Enabled (32-bit)
 Heap Region Size: 1M
 Heap Min Capacity: 8M
 Heap Initial Capacity: 248M
 Heap Max Capacity: 2G
 Pre-touch: Disabled
 Parallel Workers: 8
 Concurrent Workers: 2
 Concurrent Refinement Workers: 8
 Periodic GC: Disabled
Heap:
 garbage-first heap   total 529408K, used 383889K [0x0000000080000000, 0x0000000100000000)
  region size 1024K, 50 young (51200K), 5 survivors (5120K)
 Metaspace       used 129507K, committed 130304K, reserved 1179648K
  class space    used 18257K, committed 18624K, reserved 1048576K
GC Heap History (20 events):
Event: 20.506 GC heap before
{Heap before GC invocations=38 (full 0):
 garbage-first heap   total 259072K, used 207447K [0x0000000080000000, 0x0000000100000000)
  region size 1024K, 54 young (55296K), 8 survivors (8192K)
 Metaspace       used 114099K, committed 114944K, reserved 1179648K
  class space    used 15981K, committed 16384K, reserved 1048576K
}
Event: 20.524 GC heap after
{Heap after GC invocations=39 (full 0):
 garbage-first heap   total 259072K, used 173704K [0x0000000080000000, 0x0000000100000000)
  region size 1024K, 7 young (7168K), 7 survivors (7168K)
 Metaspace       used 114099K, committed 114944K, reserved 1179648K
  class space    used 15981K, committed 16384K, reserved 1048576K
}
Event: 20.892 GC heap before
{Heap before GC invocations=40 (full 0):
 garbage-first heap   total 309248K, used 207496K [0x0000000080000000, 0x0000000100000000)
  region size 1024K, 42 young (43008K), 7 survivors (7168K)
 Metaspace       used 117565K, committed 118400K, reserved 1179648K
  class space    used 16704K, committed 17088K, reserved 1048576K
}
Event: 20.906 GC heap after
{Heap after GC invocations=41 (full 0):
 garbage-first heap   total 309248K, used 179457K [0x0000000080000000, 0x0000000100000000)
  region size 1024K, 6 young (6144K), 6 survivors (6144K)
 Metaspace       used 117565K, committed 118400K, reserved 1179648K
  class space    used 16704K, committed 17088K, reserved 1048576K
}
Event: 20.947 GC heap before
{Heap before GC invocations=41 (full 0):
 garbage-first heap   total 309248K, used 187649K [0x0000000080000000, 0x0000000100000000)
  region size 1024K, 15 young (15360K), 6 survivors (6144K)
 Metaspace       used 117726K, committed 118528K, reserved 1179648K
  class space    used 16728K, committed 17088K, reserved 1048576K
}
Event: 20.954 GC heap after
{Heap after GC invocations=42 (full 0):
 garbage-first heap   total 309248K, used 179200K [0x0000000080000000, 0x0000000100000000)
  region size 1024K, 2 young (2048K), 2 survivors (2048K)
 Metaspace       used 117726K, committed 118528K, reserved 1179648K
  class space    used 16728K, committed 17088K, reserved 1048576K
}
Event: 21.117 GC heap before
{Heap before GC invocations=42 (full 0):
 garbage-first heap   total 309248K, used 240640K [0x0000000080000000, 0x0000000100000000)
  region size 1024K, 63 young (64512K), 2 survivors (2048K)
 Metaspace       used 118221K, committed 119104K, reserved 1179648K
  class space    used 16797K, committed 17216K, reserved 1048576K
}
Event: 21.141 GC heap after
{Heap after GC invocations=43 (full 0):
 garbage-first heap   total 529408K, used 209079K [0x0000000080000000, 0x0000000100000000)
  region size 1024K, 8 young (8192K), 8 survivors (8192K)
 Metaspace       used 118221K, committed 119104K, reserved 1179648K
  class space    used 16797K, committed 17216K, reserved 1048576K
}
Event: 21.987 GC heap before
{Heap before GC invocations=43 (full 0):
 garbage-first heap   total 529408K, used 359607K [0x0000000080000000, 0x0000000100000000)
  region size 1024K, 156 young (159744K), 8 survivors (8192K)
 Metaspace       used 123033K, committed 123904K, reserved 1179648K
  class space    used 17586K, committed 17984K, reserved 1048576K
}
Event: 22.019 GC heap after
{Heap after GC invocations=44 (full 0):
 garbage-first heap   total 529408K, used 243167K [0x0000000080000000, 0x0000000100000000)
  region size 1024K, 20 young (20480K), 20 survivors (20480K)
 Metaspace       used 123033K, committed 123904K, reserved 1179648K
  class space    used 17586K, committed 17984K, reserved 1048576K
}
Event: 22.765 GC heap before
{Heap before GC invocations=44 (full 0):
 garbage-first heap   total 529408K, used 365023K [0x0000000080000000, 0x0000000100000000)
  region size 1024K, 138 young (141312K), 20 survivors (20480K)
 Metaspace       used 123886K, committed 124736K, reserved 1179648K
  class space    used 17606K, committed 17984K, reserved 1048576K
}
Event: 22.794 GC heap after
{Heap after GC invocations=45 (full 0):
 garbage-first heap   total 529408K, used 257785K [0x0000000080000000, 0x0000000100000000)
  region size 1024K, 12 young (12288K), 12 survivors (12288K)
 Metaspace       used 123886K, committed 124736K, reserved 1179648K
  class space    used 17606K, committed 17984K, reserved 1048576K
}
Event: 23.816 GC heap before
{Heap before GC invocations=45 (full 0):
 garbage-first heap   total 529408K, used 392953K [0x0000000080000000, 0x0000000100000000)
  region size 1024K, 134 young (137216K), 12 survivors (12288K)
 Metaspace       used 125637K, committed 126528K, reserved 1179648K
  class space    used 17800K, committed 18176K, reserved 1048576K
}
Event: 23.831 GC heap after
{Heap after GC invocations=46 (full 0):
 garbage-first heap   total 529408K, used 272292K [0x0000000080000000, 0x0000000100000000)
  region size 1024K, 7 young (7168K), 7 survivors (7168K)
 Metaspace       used 125637K, committed 126528K, reserved 1179648K
  class space    used 17800K, committed 18176K, reserved 1048576K
}
Event: 24.868 GC heap before
{Heap before GC invocations=46 (full 0):
 garbage-first heap   total 529408K, used 426916K [0x0000000080000000, 0x0000000100000000)
  region size 1024K, 134 young (137216K), 7 survivors (7168K)
 Metaspace       used 125885K, committed 126784K, reserved 1179648K
  class space    used 17821K, committed 18240K, reserved 1048576K
}
Event: 24.884 GC heap after
{Heap after GC invocations=47 (full 0):
 garbage-first heap   total 529408K, used 307461K [0x0000000080000000, 0x0000000100000000)
  region size 1024K, 17 young (17408K), 17 survivors (17408K)
 Metaspace       used 125885K, committed 126784K, reserved 1179648K
  class space    used 17821K, committed 18240K, reserved 1048576K
}
Event: 25.564 GC heap before
{Heap before GC invocations=47 (full 0):
 garbage-first heap   total 529408K, used 434437K [0x0000000080000000, 0x0000000100000000)
  region size 1024K, 128 young (131072K), 17 survivors (17408K)
 Metaspace       used 125969K, committed 126848K, reserved 1179648K
  class space    used 17826K, committed 18240K, reserved 1048576K
}
Event: 25.584 GC heap after
{Heap after GC invocations=48 (full 0):
 garbage-first heap   total 529408K, used 324416K [0x0000000080000000, 0x0000000100000000)
  region size 1024K, 12 young (12288K), 12 survivors (12288K)
 Metaspace       used 125969K, committed 126848K, reserved 1179648K
  class space    used 17826K, committed 18240K, reserved 1048576K
}
Event: 27.512 GC heap before
{Heap before GC invocations=48 (full 0):
 garbage-first heap   total 529408K, used 419648K [0x0000000080000000, 0x0000000100000000)
  region size 1024K, 67 young (68608K), 12 survivors (12288K)
 Metaspace       used 128558K, committed 129408K, reserved 1179648K
  class space    used 18147K, committed 18560K, reserved 1048576K
}
Event: 27.524 GC heap after
{Heap after GC invocations=49 (full 0):
 garbage-first heap   total 529408K, used 337809K [0x0000000080000000, 0x0000000100000000)
  region size 1024K, 5 young (5120K), 5 survivors (5120K)
 Metaspace       used 128558K, committed 129408K, reserved 1179648K
  class space    used 18147K, committed 18560K, reserved 1048576K
}

