# JRE version: OpenJDK Runtime Environment (17.0.9) (build 17.0.9+0--11185874)
# Java VM: OpenJDK 64-Bit Server VM (17.0.9+0--11185874, mixed mode, tiered, compressed oops, compressed class ptrs, g1 gc, windows-amd64)
GC Precious Log:
 CPUs: 8 total, 8 available
 Memory: 15805M
 Large Page Support: Disabled
 NUMA Support: Disabled
 Compressed Oops: Enabled (32-bit)
 Heap Region Size: 1M
 Heap Min Capacity: 8M
 Heap Initial Capacity: 248M
 Heap Max Capacity: 2G
 Pre-touch: Disabled
 Parallel Workers: 8
 Concurrent Workers: 2
 Concurrent Refinement Workers: 8
 Periodic GC: Disabled
Heap:
 garbage-first heap   total 134144K, used 89946K [0x0000000080000000, 0x0000000100000000)
  region size 1024K, 25 young (25600K), 6 survivors (6144K)
 Metaspace       used 91761K, committed 92416K, reserved 1179648K
  class space    used 12866K, committed 13184K, reserved 1048576K
GC Heap History (20 events):
Event: 14.583 GC heap before
{Heap before GC invocations=36 (full 0):
 garbage-first heap   total 91136K, used 64594K [0x0000000080000000, 0x0000000100000000)
  region size 1024K, 12 young (12288K), 3 survivors (3072K)
 Metaspace       used 66162K, committed 66816K, reserved 1114112K
  class space    used 8994K, committed 9280K, reserved 1048576K
}
Event: 14.586 GC heap after
{Heap after GC invocations=37 (full 0):
 garbage-first heap   total 91136K, used 58119K [0x0000000080000000, 0x0000000100000000)
  region size 1024K, 3 young (3072K), 3 survivors (3072K)
 Metaspace       used 66162K, committed 66816K, reserved 1114112K
  class space    used 8994K, committed 9280K, reserved 1048576K
}
Event: 14.845 GC heap before
{Heap before GC invocations=38 (full 0):
 garbage-first heap   total 107520K, used 76551K [0x0000000080000000, 0x0000000100000000)
  region size 1024K, 19 young (19456K), 3 survivors (3072K)
 Metaspace       used 66525K, committed 67136K, reserved 1114112K
  class space    used 9081K, committed 9344K, reserved 1048576K
}
Event: 14.849 GC heap after
{Heap after GC invocations=39 (full 0):
 garbage-first heap   total 107520K, used 56787K [0x0000000080000000, 0x0000000100000000)
  region size 1024K, 2 young (2048K), 2 survivors (2048K)
 Metaspace       used 66525K, committed 67136K, reserved 1114112K
  class space    used 9081K, committed 9344K, reserved 1048576K
}
Event: 14.924 GC heap before
{Heap before GC invocations=39 (full 0):
 garbage-first heap   total 107520K, used 58835K [0x0000000080000000, 0x0000000100000000)
  region size 1024K, 5 young (5120K), 2 survivors (2048K)
 Metaspace       used 66786K, committed 67456K, reserved 1114112K
  class space    used 9104K, committed 9408K, reserved 1048576K
}
Event: 14.925 GC heap after
{Heap after GC invocations=40 (full 0):
 garbage-first heap   total 107520K, used 56682K [0x0000000080000000, 0x0000000100000000)
  region size 1024K, 1 young (1024K), 1 survivors (1024K)
 Metaspace       used 66786K, committed 67456K, reserved 1114112K
  class space    used 9104K, committed 9408K, reserved 1048576K
}
Event: 15.546 GC heap before
{Heap before GC invocations=40 (full 0):
 garbage-first heap   total 107520K, used 85354K [0x0000000080000000, 0x0000000100000000)
  region size 1024K, 29 young (29696K), 1 survivors (1024K)
 Metaspace       used 68942K, committed 69568K, reserved 1114112K
  class space    used 9374K, committed 9664K, reserved 1048576K
}
Event: 15.548 GC heap after
{Heap after GC invocations=41 (full 0):
 garbage-first heap   total 134144K, used 58081K [0x0000000080000000, 0x0000000100000000)
  region size 1024K, 2 young (2048K), 2 survivors (2048K)
 Metaspace       used 68942K, committed 69568K, reserved 1114112K
  class space    used 9374K, committed 9664K, reserved 1048576K
}
Event: 16.717 GC heap before
{Heap before GC invocations=41 (full 0):
 garbage-first heap   total 134144K, used 106209K [0x0000000080000000, 0x0000000100000000)
  region size 1024K, 49 young (50176K), 2 survivors (2048K)
 Metaspace       used 73857K, committed 74432K, reserved 1114112K
  class space    used 10050K, committed 10304K, reserved 1048576K
}
Event: 16.723 GC heap after
{Heap after GC invocations=42 (full 0):
 garbage-first heap   total 134144K, used 60000K [0x0000000080000000, 0x0000000100000000)
  region size 1024K, 4 young (4096K), 4 survivors (4096K)
 Metaspace       used 73857K, committed 74432K, reserved 1114112K
  class space    used 10050K, committed 10304K, reserved 1048576K
}
Event: 17.493 GC heap before
{Heap before GC invocations=42 (full 0):
 garbage-first heap   total 134144K, used 107104K [0x0000000080000000, 0x0000000100000000)
  region size 1024K, 50 young (51200K), 4 survivors (4096K)
 Metaspace       used 76667K, committed 77248K, reserved 1179648K
  class space    used 10434K, committed 10752K, reserved 1048576K
}
Event: 17.498 GC heap after
{Heap after GC invocations=43 (full 0):
 garbage-first heap   total 134144K, used 62788K [0x0000000080000000, 0x0000000100000000)
  region size 1024K, 7 young (7168K), 7 survivors (7168K)
 Metaspace       used 76667K, committed 77248K, reserved 1179648K
  class space    used 10434K, committed 10752K, reserved 1048576K
}
Event: 18.365 GC heap before
{Heap before GC invocations=43 (full 0):
 garbage-first heap   total 134144K, used 108868K [0x0000000080000000, 0x0000000100000000)
  region size 1024K, 51 young (52224K), 7 survivors (7168K)
 Metaspace       used 79775K, committed 80384K, reserved 1179648K
  class space    used 11035K, committed 11328K, reserved 1048576K
}
Event: 18.370 GC heap after
{Heap after GC invocations=44 (full 0):
 garbage-first heap   total 134144K, used 64086K [0x0000000080000000, 0x0000000100000000)
  region size 1024K, 5 young (5120K), 5 survivors (5120K)
 Metaspace       used 79775K, committed 80384K, reserved 1179648K
  class space    used 11035K, committed 11328K, reserved 1048576K
}
Event: 19.269 GC heap before
{Heap before GC invocations=44 (full 0):
 garbage-first heap   total 134144K, used 109142K [0x0000000080000000, 0x0000000100000000)
  region size 1024K, 49 young (50176K), 5 survivors (5120K)
 Metaspace       used 83378K, committed 84032K, reserved 1179648K
  class space    used 11572K, committed 11904K, reserved 1048576K
}
Event: 19.274 GC heap after
{Heap after GC invocations=45 (full 0):
 garbage-first heap   total 134144K, used 66220K [0x0000000080000000, 0x0000000100000000)
  region size 1024K, 4 young (4096K), 4 survivors (4096K)
 Metaspace       used 83378K, committed 84032K, reserved 1179648K
  class space    used 11572K, committed 11904K, reserved 1048576K
}
Event: 20.014 GC heap before
{Heap before GC invocations=45 (full 0):
 garbage-first heap   total 134144K, used 110252K [0x0000000080000000, 0x0000000100000000)
  region size 1024K, 47 young (48128K), 4 survivors (4096K)
 Metaspace       used 86693K, committed 87360K, reserved 1179648K
  class space    used 12082K, committed 12416K, reserved 1048576K
}
Event: 20.018 GC heap after
{Heap after GC invocations=46 (full 0):
 garbage-first heap   total 134144K, used 68571K [0x0000000080000000, 0x0000000100000000)
  region size 1024K, 5 young (5120K), 5 survivors (5120K)
 Metaspace       used 86693K, committed 87360K, reserved 1179648K
  class space    used 12082K, committed 12416K, reserved 1048576K
}
Event: 20.788 GC heap before
{Heap before GC invocations=46 (full 0):
 garbage-first heap   total 134144K, used 111579K [0x0000000080000000, 0x0000000100000000)
  region size 1024K, 47 young (48128K), 5 survivors (5120K)
 Metaspace       used 90274K, committed 90944K, reserved 1179648K
  class space    used 12591K, committed 12928K, reserved 1048576K
}
Event: 20.795 GC heap after
{Heap after GC invocations=47 (full 0):
 garbage-first heap   total 134144K, used 71514K [0x0000000080000000, 0x0000000100000000)
  region size 1024K, 6 young (6144K), 6 survivors (6144K)
 Metaspace       used 90274K, committed 90944K, reserved 1179648K
  class space    used 12591K, committed 12928K, reserved 1048576K
}

