# JRE version: OpenJDK Runtime Environment (17.0.9) (build 17.0.9+0--11185874)
# Java VM: OpenJDK 64-Bit Server VM (17.0.9+0--11185874, mixed mode, tiered, compressed oops, compressed class ptrs, g1 gc, windows-amd64)
GC Precious Log:
 CPUs: 8 total, 8 available
 Memory: 15805M
 Large Page Support: Disabled
 NUMA Support: Disabled
 Compressed Oops: Enabled (32-bit)
 Heap Region Size: 1M
 Heap Min Capacity: 8M
 Heap Initial Capacity: 248M
 Heap Max Capacity: 2G
 Pre-touch: Disabled
 Parallel Workers: 8
 Concurrent Workers: 2
 Concurrent Refinement Workers: 8
 Periodic GC: Disabled
Heap:
 garbage-first heap   total 97280K, used 61618K [0x0000000080000000, 0x0000000100000000)
  region size 1024K, 6 young (6144K), 3 survivors (3072K)
 Metaspace       used 74928K, committed 75520K, reserved 1114112K
  class space    used 10157K, committed 10432K, reserved 1048576K
GC Heap History (20 events):
Event: 40.992 GC heap before
{Heap before GC invocations=30 (full 0):
 garbage-first heap   total 92160K, used 54401K [0x0000000080000000, 0x0000000100000000)
  region size 1024K, 4 young (4096K), 1 survivors (1024K)
 Metaspace       used 63572K, committed 64128K, reserved 1114112K
  class space    used 8643K, committed 8896K, reserved 1048576K
}
Event: 40.994 GC heap after
{Heap after GC invocations=31 (full 0):
 garbage-first heap   total 92160K, used 52352K [0x0000000080000000, 0x0000000100000000)
  region size 1024K, 1 young (1024K), 1 survivors (1024K)
 Metaspace       used 63572K, committed 64128K, reserved 1114112K
  class space    used 8643K, committed 8896K, reserved 1048576K
}
Event: 41.016 GC heap before
{Heap before GC invocations=31 (full 0):
 garbage-first heap   total 92160K, used 52352K [0x0000000080000000, 0x0000000100000000)
  region size 1024K, 2 young (2048K), 1 survivors (1024K)
 Metaspace       used 63629K, committed 64192K, reserved 1114112K
  class space    used 8645K, committed 8896K, reserved 1048576K
}
Event: 41.017 GC heap after
{Heap after GC invocations=32 (full 0):
 garbage-first heap   total 92160K, used 52340K [0x0000000080000000, 0x0000000100000000)
  region size 1024K, 1 young (1024K), 1 survivors (1024K)
 Metaspace       used 63629K, committed 64192K, reserved 1114112K
  class space    used 8645K, committed 8896K, reserved 1048576K
}
Event: 41.295 GC heap before
{Heap before GC invocations=33 (full 0):
 garbage-first heap   total 96256K, used 69748K [0x0000000080000000, 0x0000000100000000)
  region size 1024K, 17 young (17408K), 1 survivors (1024K)
 Metaspace       used 64867K, committed 65472K, reserved 1114112K
  class space    used 8817K, committed 9088K, reserved 1048576K
}
Event: 41.297 GC heap after
{Heap after GC invocations=34 (full 0):
 garbage-first heap   total 96256K, used 53799K [0x0000000080000000, 0x0000000100000000)
  region size 1024K, 1 young (1024K), 1 survivors (1024K)
 Metaspace       used 64867K, committed 65472K, reserved 1114112K
  class space    used 8817K, committed 9088K, reserved 1048576K
}
Event: 41.503 GC heap before
{Heap before GC invocations=34 (full 0):
 garbage-first heap   total 96256K, used 56871K [0x0000000080000000, 0x0000000100000000)
  region size 1024K, 4 young (4096K), 1 survivors (1024K)
 Metaspace       used 65122K, committed 65664K, reserved 1114112K
  class space    used 8856K, committed 9088K, reserved 1048576K
}
Event: 41.504 GC heap after
{Heap after GC invocations=35 (full 0):
 garbage-first heap   total 96256K, used 53561K [0x0000000080000000, 0x0000000100000000)
  region size 1024K, 1 young (1024K), 1 survivors (1024K)
 Metaspace       used 65122K, committed 65664K, reserved 1114112K
  class space    used 8856K, committed 9088K, reserved 1048576K
}
Event: 41.884 GC heap before
{Heap before GC invocations=35 (full 0):
 garbage-first heap   total 96256K, used 73017K [0x0000000080000000, 0x0000000100000000)
  region size 1024K, 20 young (20480K), 1 survivors (1024K)
 Metaspace       used 66818K, committed 67392K, reserved 1114112K
  class space    used 9085K, committed 9344K, reserved 1048576K
}
Event: 41.887 GC heap after
{Heap after GC invocations=36 (full 0):
 garbage-first heap   total 96256K, used 54219K [0x0000000080000000, 0x0000000100000000)
  region size 1024K, 2 young (2048K), 2 survivors (2048K)
 Metaspace       used 66818K, committed 67392K, reserved 1114112K
  class space    used 9085K, committed 9344K, reserved 1048576K
}
Event: 42.266 GC heap before
{Heap before GC invocations=37 (full 0):
 garbage-first heap   total 97280K, used 73675K [0x0000000080000000, 0x0000000100000000)
  region size 1024K, 22 young (22528K), 2 survivors (2048K)
 Metaspace       used 69146K, committed 69696K, reserved 1114112K
  class space    used 9327K, committed 9600K, reserved 1048576K
}
Event: 42.268 GC heap after
{Heap after GC invocations=38 (full 0):
 garbage-first heap   total 97280K, used 54541K [0x0000000080000000, 0x0000000100000000)
  region size 1024K, 2 young (2048K), 2 survivors (2048K)
 Metaspace       used 69146K, committed 69696K, reserved 1114112K
  class space    used 9327K, committed 9600K, reserved 1048576K
}
Event: 42.311 GC heap before
{Heap before GC invocations=38 (full 0):
 garbage-first heap   total 97280K, used 56589K [0x0000000080000000, 0x0000000100000000)
  region size 1024K, 4 young (4096K), 2 survivors (2048K)
 Metaspace       used 69292K, committed 69824K, reserved 1114112K
  class space    used 9345K, committed 9600K, reserved 1048576K
}
Event: 42.313 GC heap after
{Heap after GC invocations=39 (full 0):
 garbage-first heap   total 97280K, used 54268K [0x0000000080000000, 0x0000000100000000)
  region size 1024K, 1 young (1024K), 1 survivors (1024K)
 Metaspace       used 69292K, committed 69824K, reserved 1114112K
  class space    used 9345K, committed 9600K, reserved 1048576K
}
Event: 42.828 GC heap before
{Heap before GC invocations=39 (full 0):
 garbage-first heap   total 97280K, used 75772K [0x0000000080000000, 0x0000000100000000)
  region size 1024K, 23 young (23552K), 1 survivors (1024K)
 Metaspace       used 71379K, committed 71936K, reserved 1114112K
  class space    used 9683K, committed 9984K, reserved 1048576K
}
Event: 42.831 GC heap after
{Heap after GC invocations=40 (full 0):
 garbage-first heap   total 97280K, used 55657K [0x0000000080000000, 0x0000000100000000)
  region size 1024K, 2 young (2048K), 2 survivors (2048K)
 Metaspace       used 71379K, committed 71936K, reserved 1114112K
  class space    used 9683K, committed 9984K, reserved 1048576K
}
Event: 43.808 GC heap before
{Heap before GC invocations=40 (full 0):
 garbage-first heap   total 97280K, used 84329K [0x0000000080000000, 0x0000000100000000)
  region size 1024K, 24 young (24576K), 2 survivors (2048K)
 Metaspace       used 71964K, committed 72576K, reserved 1114112K
  class space    used 9789K, committed 10112K, reserved 1048576K
}
Event: 43.812 GC heap after
{Heap after GC invocations=41 (full 0):
 garbage-first heap   total 97280K, used 58350K [0x0000000080000000, 0x0000000100000000)
  region size 1024K, 3 young (3072K), 3 survivors (3072K)
 Metaspace       used 71964K, committed 72576K, reserved 1114112K
  class space    used 9789K, committed 10112K, reserved 1048576K
}
Event: 44.187 GC heap before
{Heap before GC invocations=41 (full 0):
 garbage-first heap   total 97280K, used 77806K [0x0000000080000000, 0x0000000100000000)
  region size 1024K, 22 young (22528K), 3 survivors (3072K)
 Metaspace       used 73457K, committed 74048K, reserved 1114112K
  class space    used 9963K, committed 10240K, reserved 1048576K
}
Event: 44.190 GC heap after
{Heap after GC invocations=42 (full 0):
 garbage-first heap   total 97280K, used 59962K [0x0000000080000000, 0x0000000100000000)
  region size 1024K, 2 young (2048K), 2 survivors (2048K)
 Metaspace       used 73457K, committed 74048K, reserved 1114112K
  class space    used 9963K, committed 10240K, reserved 1048576K
}

