# JRE version: OpenJDK Runtime Environment (17.0.9) (build 17.0.9+0--11185874)
# Java VM: OpenJDK 64-Bit Server VM (17.0.9+0--11185874, mixed mode, tiered, compressed oops, compressed class ptrs, g1 gc, windows-amd64)
GC Precious Log:
 CPUs: 8 total, 8 available
 Memory: 15805M
 Large Page Support: Disabled
 NUMA Support: Disabled
 Compressed Oops: Enabled (32-bit)
 Heap Region Size: 1M
 Heap Min Capacity: 8M
 Heap Initial Capacity: 248M
 Heap Max Capacity: 2G
 Pre-touch: Disabled
 Parallel Workers: 8
 Concurrent Workers: 2
 Concurrent Refinement Workers: 8
 Periodic GC: Disabled
Heap:
 garbage-first heap   total 169984K, used 107756K [0x0000000080000000, 0x0000000100000000)
  region size 1024K, 23 young (23552K), 4 survivors (4096K)
 Metaspace       used 95937K, committed 96640K, reserved 1179648K
  class space    used 13361K, committed 13696K, reserved 1048576K
GC Heap History (20 events):
Event: 16.659 GC heap before
{Heap before GC invocations=39 (full 0):
 garbage-first heap   total 112640K, used 92522K [0x0000000080000000, 0x0000000100000000)
  region size 1024K, 32 young (32768K), 5 survivors (5120K)
 Metaspace       used 78883K, committed 79488K, reserved 1179648K
  class space    used 10848K, committed 11136K, reserved 1048576K
}
Event: 16.662 GC heap after
{Heap after GC invocations=40 (full 0):
 garbage-first heap   total 141312K, used 64703K [0x0000000080000000, 0x0000000100000000)
  region size 1024K, 2 young (2048K), 2 survivors (2048K)
 Metaspace       used 78883K, committed 79488K, reserved 1179648K
  class space    used 10848K, committed 11136K, reserved 1048576K
}
Event: 17.449 GC heap before
{Heap before GC invocations=40 (full 0):
 garbage-first heap   total 141312K, used 114879K [0x0000000080000000, 0x0000000100000000)
  region size 1024K, 51 young (52224K), 2 survivors (2048K)
 Metaspace       used 82577K, committed 83200K, reserved 1179648K
  class space    used 11473K, committed 11776K, reserved 1048576K
}
Event: 17.453 GC heap after
{Heap after GC invocations=41 (full 0):
 garbage-first heap   total 141312K, used 66563K [0x0000000080000000, 0x0000000100000000)
  region size 1024K, 4 young (4096K), 4 survivors (4096K)
 Metaspace       used 82577K, committed 83200K, reserved 1179648K
  class space    used 11473K, committed 11776K, reserved 1048576K
}
Event: 18.234 GC heap before
{Heap before GC invocations=41 (full 0):
 garbage-first heap   total 141312K, used 116739K [0x0000000080000000, 0x0000000100000000)
  region size 1024K, 53 young (54272K), 4 survivors (4096K)
 Metaspace       used 86546K, committed 87168K, reserved 1179648K
  class space    used 12058K, committed 12352K, reserved 1048576K
}
Event: 18.239 GC heap after
{Heap after GC invocations=42 (full 0):
 garbage-first heap   total 141312K, used 69295K [0x0000000080000000, 0x0000000100000000)
  region size 1024K, 6 young (6144K), 6 survivors (6144K)
 Metaspace       used 86546K, committed 87168K, reserved 1179648K
  class space    used 12058K, committed 12352K, reserved 1048576K
}
Event: 18.992 GC heap before
{Heap before GC invocations=42 (full 0):
 garbage-first heap   total 141312K, used 116399K [0x0000000080000000, 0x0000000100000000)
  region size 1024K, 52 young (53248K), 6 survivors (6144K)
 Metaspace       used 90382K, committed 91072K, reserved 1179648K
  class space    used 12608K, committed 12928K, reserved 1048576K
}
Event: 18.998 GC heap after
{Heap after GC invocations=43 (full 0):
 garbage-first heap   total 141312K, used 72271K [0x0000000080000000, 0x0000000100000000)
  region size 1024K, 6 young (6144K), 6 survivors (6144K)
 Metaspace       used 90382K, committed 91072K, reserved 1179648K
  class space    used 12608K, committed 12928K, reserved 1048576K
}
Event: 19.713 GC heap before
{Heap before GC invocations=43 (full 0):
 garbage-first heap   total 141312K, used 116303K [0x0000000080000000, 0x0000000100000000)
  region size 1024K, 50 young (51200K), 6 survivors (6144K)
 Metaspace       used 92475K, committed 93184K, reserved 1179648K
  class space    used 13009K, committed 13376K, reserved 1048576K
}
Event: 19.722 GC heap after
{Heap after GC invocations=44 (full 0):
 garbage-first heap   total 141312K, used 76954K [0x0000000080000000, 0x0000000100000000)
  region size 1024K, 7 young (7168K), 7 survivors (7168K)
 Metaspace       used 92475K, committed 93184K, reserved 1179648K
  class space    used 13009K, committed 13376K, reserved 1048576K
}
Event: 20.458 GC heap before
{Heap before GC invocations=44 (full 0):
 garbage-first heap   total 141312K, used 114842K [0x0000000080000000, 0x0000000100000000)
  region size 1024K, 45 young (46080K), 7 survivors (7168K)
 Metaspace       used 92942K, committed 93632K, reserved 1179648K
  class space    used 13046K, committed 13376K, reserved 1048576K
}
Event: 20.467 GC heap after
{Heap after GC invocations=45 (full 0):
 garbage-first heap   total 141312K, used 80510K [0x0000000080000000, 0x0000000100000000)
  region size 1024K, 4 young (4096K), 4 survivors (4096K)
 Metaspace       used 92942K, committed 93632K, reserved 1179648K
  class space    used 13046K, committed 13376K, reserved 1048576K
}
Event: 20.969 GC heap before
{Heap before GC invocations=45 (full 0):
 garbage-first heap   total 141312K, used 116350K [0x0000000080000000, 0x0000000100000000)
  region size 1024K, 40 young (40960K), 4 survivors (4096K)
 Metaspace       used 93299K, committed 94080K, reserved 1179648K
  class space    used 13060K, committed 13440K, reserved 1048576K
}
Event: 20.975 GC heap after
{Heap after GC invocations=46 (full 0):
 garbage-first heap   total 141312K, used 83721K [0x0000000080000000, 0x0000000100000000)
  region size 1024K, 4 young (4096K), 4 survivors (4096K)
 Metaspace       used 93299K, committed 94080K, reserved 1179648K
  class space    used 13060K, committed 13440K, reserved 1048576K
}
Event: 21.485 GC heap before
{Heap before GC invocations=46 (full 0):
 garbage-first heap   total 141312K, used 115465K [0x0000000080000000, 0x0000000100000000)
  region size 1024K, 36 young (36864K), 4 survivors (4096K)
 Metaspace       used 93710K, committed 94464K, reserved 1179648K
  class space    used 13098K, committed 13440K, reserved 1048576K
}
Event: 21.490 GC heap after
{Heap after GC invocations=47 (full 0):
 garbage-first heap   total 141312K, used 86550K [0x0000000080000000, 0x0000000100000000)
  region size 1024K, 3 young (3072K), 3 survivors (3072K)
 Metaspace       used 93710K, committed 94464K, reserved 1179648K
  class space    used 13098K, committed 13440K, reserved 1048576K
}
Event: 21.812 GC heap before
{Heap before GC invocations=47 (full 0):
 garbage-first heap   total 141312K, used 117270K [0x0000000080000000, 0x0000000100000000)
  region size 1024K, 34 young (34816K), 3 survivors (3072K)
 Metaspace       used 93793K, committed 94528K, reserved 1179648K
  class space    used 13101K, committed 13440K, reserved 1048576K
}
Event: 21.816 GC heap after
{Heap after GC invocations=48 (full 0):
 garbage-first heap   total 141312K, used 88287K [0x0000000080000000, 0x0000000100000000)
  region size 1024K, 5 young (5120K), 5 survivors (5120K)
 Metaspace       used 93793K, committed 94528K, reserved 1179648K
  class space    used 13101K, committed 13440K, reserved 1048576K
}
Event: 513.084 GC heap before
{Heap before GC invocations=48 (full 0):
 garbage-first heap   total 141312K, used 117983K [0x0000000080000000, 0x0000000100000000)
  region size 1024K, 35 young (35840K), 5 survivors (5120K)
 Metaspace       used 95884K, committed 96640K, reserved 1179648K
  class space    used 13355K, committed 13696K, reserved 1048576K
}
Event: 513.088 GC heap after
{Heap after GC invocations=49 (full 0):
 garbage-first heap   total 169984K, used 89324K [0x0000000080000000, 0x0000000100000000)
  region size 1024K, 4 young (4096K), 4 survivors (4096K)
 Metaspace       used 95884K, committed 96640K, reserved 1179648K
  class space    used 13355K, committed 13696K, reserved 1048576K
}

