# JRE version: OpenJDK Runtime Environment (17.0.9) (build 17.0.9+0--11185874)
# Java VM: OpenJDK 64-Bit Server VM (17.0.9+0--11185874, mixed mode, tiered, compressed oops, compressed class ptrs, g1 gc, windows-amd64)
GC Precious Log:
 CPUs: 8 total, 8 available
 Memory: 15805M
 Large Page Support: Disabled
 NUMA Support: Disabled
 Compressed Oops: Enabled (32-bit)
 Heap Region Size: 1M
 Heap Min Capacity: 8M
 Heap Initial Capacity: 248M
 Heap Max Capacity: 2G
 Pre-touch: Disabled
 Parallel Workers: 8
 Concurrent Workers: 2
 Concurrent Refinement Workers: 8
 Periodic GC: Disabled
Heap:
 garbage-first heap   total 134144K, used 57633K [0x0000000080000000, 0x0000000100000000)
  region size 1024K, 16 young (16384K), 10 survivors (10240K)
 Metaspace       used 65025K, committed 65600K, reserved 1114112K
  class space    used 8836K, committed 9088K, reserved 1048576K
GC Heap History (20 events):
Event: 3.482 GC heap before
{Heap before GC invocations=5 (full 0):
 garbage-first heap   total 71680K, used 21772K [0x0000000080000000, 0x0000000100000000)
  region size 1024K, 3 young (3072K), 2 survivors (2048K)
 Metaspace       used 26315K, committed 26624K, reserved 1114112K
  class space    used 3375K, committed 3520K, reserved 1048576K
}
Event: 3.484 GC heap after
{Heap after GC invocations=6 (full 0):
 garbage-first heap   total 71680K, used 20957K [0x0000000080000000, 0x0000000100000000)
  region size 1024K, 1 young (1024K), 1 survivors (1024K)
 Metaspace       used 26315K, committed 26624K, reserved 1114112K
  class space    used 3375K, committed 3520K, reserved 1048576K
}
Event: 4.093 GC heap before
{Heap before GC invocations=6 (full 0):
 garbage-first heap   total 71680K, used 51677K [0x0000000080000000, 0x0000000100000000)
  region size 1024K, 31 young (31744K), 1 survivors (1024K)
 Metaspace       used 30260K, committed 30528K, reserved 1114112K
  class space    used 4041K, committed 4160K, reserved 1048576K
}
Event: 4.096 GC heap after
{Heap after GC invocations=7 (full 0):
 garbage-first heap   total 71680K, used 22319K [0x0000000080000000, 0x0000000100000000)
  region size 1024K, 2 young (2048K), 2 survivors (2048K)
 Metaspace       used 30260K, committed 30528K, reserved 1114112K
  class space    used 4041K, committed 4160K, reserved 1048576K
}
Event: 4.683 GC heap before
{Heap before GC invocations=7 (full 0):
 garbage-first heap   total 71680K, used 53039K [0x0000000080000000, 0x0000000100000000)
  region size 1024K, 32 young (32768K), 2 survivors (2048K)
 Metaspace       used 33833K, committed 34176K, reserved 1114112K
  class space    used 4598K, committed 4736K, reserved 1048576K
}
Event: 4.686 GC heap after
{Heap after GC invocations=8 (full 0):
 garbage-first heap   total 71680K, used 23520K [0x0000000080000000, 0x0000000100000000)
  region size 1024K, 3 young (3072K), 3 survivors (3072K)
 Metaspace       used 33833K, committed 34176K, reserved 1114112K
  class space    used 4598K, committed 4736K, reserved 1048576K
}
Event: 4.981 GC heap before
{Heap before GC invocations=8 (full 0):
 garbage-first heap   total 71680K, used 35808K [0x0000000080000000, 0x0000000100000000)
  region size 1024K, 16 young (16384K), 3 survivors (3072K)
 Metaspace       used 35788K, committed 36096K, reserved 1114112K
  class space    used 4879K, committed 5056K, reserved 1048576K
}
Event: 4.984 GC heap after
{Heap after GC invocations=9 (full 0):
 garbage-first heap   total 71680K, used 24115K [0x0000000080000000, 0x0000000100000000)
  region size 1024K, 2 young (2048K), 2 survivors (2048K)
 Metaspace       used 35788K, committed 36096K, reserved 1114112K
  class space    used 4879K, committed 5056K, reserved 1048576K
}
Event: 5.672 GC heap before
{Heap before GC invocations=10 (full 0):
 garbage-first heap   total 71680K, used 54835K [0x0000000080000000, 0x0000000100000000)
  region size 1024K, 33 young (33792K), 2 survivors (2048K)
 Metaspace       used 40977K, committed 41280K, reserved 1114112K
  class space    used 5424K, committed 5568K, reserved 1048576K
}
Event: 5.676 GC heap after
{Heap after GC invocations=11 (full 0):
 garbage-first heap   total 71680K, used 28120K [0x0000000080000000, 0x0000000100000000)
  region size 1024K, 5 young (5120K), 5 survivors (5120K)
 Metaspace       used 40977K, committed 41280K, reserved 1114112K
  class space    used 5424K, committed 5568K, reserved 1048576K
}
Event: 5.680 GC heap before
{Heap before GC invocations=11 (full 0):
 garbage-first heap   total 71680K, used 29144K [0x0000000080000000, 0x0000000100000000)
  region size 1024K, 6 young (6144K), 5 survivors (5120K)
 Metaspace       used 40978K, committed 41280K, reserved 1114112K
  class space    used 5424K, committed 5568K, reserved 1048576K
}
Event: 5.684 GC heap after
{Heap after GC invocations=12 (full 0):
 garbage-first heap   total 71680K, used 28753K [0x0000000080000000, 0x0000000100000000)
  region size 1024K, 1 young (1024K), 1 survivors (1024K)
 Metaspace       used 40978K, committed 41280K, reserved 1114112K
  class space    used 5424K, committed 5568K, reserved 1048576K
}
Event: 5.992 GC heap before
{Heap before GC invocations=12 (full 0):
 garbage-first heap   total 71680K, used 55377K [0x0000000080000000, 0x0000000100000000)
  region size 1024K, 27 young (27648K), 1 survivors (1024K)
 Metaspace       used 41952K, committed 42368K, reserved 1114112K
  class space    used 5587K, committed 5760K, reserved 1048576K
}
Event: 5.994 GC heap after
{Heap after GC invocations=13 (full 0):
 garbage-first heap   total 156672K, used 29429K [0x0000000080000000, 0x0000000100000000)
  region size 1024K, 2 young (2048K), 2 survivors (2048K)
 Metaspace       used 41952K, committed 42368K, reserved 1114112K
  class space    used 5587K, committed 5760K, reserved 1048576K
}
Event: 8.042 GC heap before
{Heap before GC invocations=13 (full 0):
 garbage-first heap   total 156672K, used 116469K [0x0000000080000000, 0x0000000100000000)
  region size 1024K, 85 young (87040K), 2 survivors (2048K)
 Metaspace       used 52545K, committed 52992K, reserved 1114112K
  class space    used 7209K, committed 7424K, reserved 1048576K
}
Event: 8.048 GC heap after
{Heap after GC invocations=14 (full 0):
 garbage-first heap   total 156672K, used 33775K [0x0000000080000000, 0x0000000100000000)
  region size 1024K, 6 young (6144K), 6 survivors (6144K)
 Metaspace       used 52545K, committed 52992K, reserved 1114112K
  class space    used 7209K, committed 7424K, reserved 1048576K
}
Event: 9.175 GC heap before
{Heap before GC invocations=14 (full 0):
 garbage-first heap   total 156672K, used 75759K [0x0000000080000000, 0x0000000100000000)
  region size 1024K, 49 young (50176K), 6 survivors (6144K)
 Metaspace       used 59966K, committed 60416K, reserved 1114112K
  class space    used 8220K, committed 8448K, reserved 1048576K
}
Event: 9.182 GC heap after
{Heap after GC invocations=15 (full 0):
 garbage-first heap   total 156672K, used 37489K [0x0000000080000000, 0x0000000100000000)
  region size 1024K, 10 young (10240K), 10 survivors (10240K)
 Metaspace       used 59966K, committed 60416K, reserved 1114112K
  class space    used 8220K, committed 8448K, reserved 1048576K
}
Event: 10.961 GC heap before
{Heap before GC invocations=16 (full 0):
 garbage-first heap   total 133120K, used 112241K [0x0000000080000000, 0x0000000100000000)
  region size 1024K, 78 young (79872K), 10 survivors (10240K)
 Metaspace       used 64573K, committed 65088K, reserved 1114112K
  class space    used 8767K, committed 9024K, reserved 1048576K
}
Event: 10.970 GC heap after
{Heap after GC invocations=17 (full 0):
 garbage-first heap   total 134144K, used 52513K [0x0000000080000000, 0x0000000100000000)
  region size 1024K, 10 young (10240K), 10 survivors (10240K)
 Metaspace       used 64573K, committed 65088K, reserved 1114112K
  class space    used 8767K, committed 9024K, reserved 1048576K
}

